<?xml version="1.0" encoding="utf-8"?><testsuites name="pytest tests"><testsuite name="pytest" errors="0" failures="2" skipped="0" tests="5" time="5.264" timestamp="2026-06-08T20:02:47.851100+05:00" hostname="WIN-T9HMN0FRTB7"><testcase classname="app.tests.ApproveTicketTests" name="test_approve_after_edited_returns_409" file="app\tests.py" line="77" time="1.379"><system-out>--------------------------------- Captured Log ---------------------------------
WARNING  django.request:log.py:253 Conflict: /api/v1/tickets/93df80f7-180a-49bf-b1bd-cd3d4534e0db/approve
--------------------------------- Captured Out ---------------------------------

</system-out><system-err>--------------------------------- Captured Err ---------------------------------

</system-err></testcase><testcase classname="app.tests.ApproveTicketTests" name="test_approve_others_card_returns_403" file="app\tests.py" line="65" time="0.842"><system-out>--------------------------------- Captured Log ---------------------------------
WARNING  django.request:log.py:253 Forbidden: /api/v1/tickets/48831fa3-9298-4d5d-996b-5dba30943515/approve
--------------------------------- Captured Out ---------------------------------

</system-out><system-err>--------------------------------- Captured Err ---------------------------------

</system-err></testcase><testcase classname="app.tests.ApproveTicketTests" name="test_approve_transitions_to_moderated_and_emits_event" file="app\tests.py" line="36" time="0.869"><failure message="KeyError: 'status'">self = &lt;app.tests.ApproveTicketTests testMethod=test_approve_transitions_to_moderated_and_emits_event&gt;
mock_post_event = &lt;MagicMock name='post' id='2719052508752'&gt;
mock_get_product = &lt;MagicMock name='get' id='2719052543952'&gt;

    @patch('app.services.requests.get')
    @patch('app.services.requests.post')
    def test_approve_transitions_to_moderated_and_emits_event(self, mock_post_event, mock_get_product):
        # Happy path
        mock_get_product.return_value.status_code = 200
        mock_get_product.return_value.json.return_value = {"skus": [{"id": str(uuid.uuid4()), "price": 1000}]}
        mock_post_event.return_value.status_code = 204
    
&gt;       response = self.client.post(self.url, {"comment": "Товар соответствует требованиям"}, format='json')
                   ^^^^^^^^^^^^^^^^^^^^^^^^^^^^^^^^^^^^^^^^^^^^^^^^^^^^^^^^^^^^^^^^^^^^^^^^^^^^^^^^^^^^^^^^^

app\tests.py:45: 
_ _ _ _ _ _ _ _ _ _ _ _ _ _ _ _ _ _ _ _ _ _ _ _ _ _ _ _ _ _ _ _ _ _ _ _ _ _ _ _
env\Lib\site-packages\rest_framework\test.py:283: in post
    response = super().post(
env\Lib\site-packages\rest_framework\test.py:197: in post
    return self.generic('POST', path, data, content_type, **extra)
           ^^^^^^^^^^^^^^^^^^^^^^^^^^^^^^^^^^^^^^^^^^^^^^^^^^^^^^^
env\Lib\site-packages\rest_framework\test.py:221: in generic
    return super().generic(
env\Lib\site-packages\django\test\client.py:671: in generic
    return self.request(**r)
           ^^^^^^^^^^^^^^^^^
env\Lib\site-packages\rest_framework\test.py:273: in request
    return super().request(**kwargs)
           ^^^^^^^^^^^^^^^^^^^^^^^^^
env\Lib\site-packages\rest_framework\test.py:225: in request
    request = super().request(**kwargs)
              ^^^^^^^^^^^^^^^^^^^^^^^^^
env\Lib\site-packages\django\test\client.py:1090: in request
    self.check_exception(response)
env\Lib\site-packages\django\test\client.py:805: in check_exception
    raise exc_value
env\Lib\site-packages\django\core\handlers\exception.py:55: in inner
    response = get_response(request)
               ^^^^^^^^^^^^^^^^^^^^^
env\Lib\site-packages\django\core\handlers\base.py:197: in _get_response
    response = wrapped_callback(request, *callback_args, **callback_kwargs)
               ^^^^^^^^^^^^^^^^^^^^^^^^^^^^^^^^^^^^^^^^^^^^^^^^^^^^^^^^^^^^
env\Lib\site-packages\django\views\decorators\csrf.py:65: in _view_wrapper
    return view_func(request, *args, **kwargs)
           ^^^^^^^^^^^^^^^^^^^^^^^^^^^^^^^^^^^
env\Lib\site-packages\django\views\generic\base.py:105: in view
    return self.dispatch(request, *args, **kwargs)
           ^^^^^^^^^^^^^^^^^^^^^^^^^^^^^^^^^^^^^^^
env\Lib\site-packages\rest_framework\views.py:515: in dispatch
    response = self.handle_exception(exc)
               ^^^^^^^^^^^^^^^^^^^^^^^^^^
env\Lib\site-packages\rest_framework\views.py:475: in handle_exception
    self.raise_uncaught_exception(exc)
env\Lib\site-packages\rest_framework\views.py:486: in raise_uncaught_exception
    raise exc
env\Lib\site-packages\rest_framework\views.py:512: in dispatch
    response = handler(request, *args, **kwargs)
               ^^^^^^^^^^^^^^^^^^^^^^^^^^^^^^^^^
app\views.py:92: in post
    "kind": get_kind(moderation.product_id),
            ^^^^^^^^^^^^^^^^^^^^^^^^^^^^^^^
_ _ _ _ _ _ _ _ _ _ _ _ _ _ _ _ _ _ _ _ _ _ _ _ _ _ _ _ _ _ _ _ _ _ _ _ _ _ _ _

product_id = UUID('6c03865f-2950-4316-b8dc-a850d383ff7b')

    def get_kind(product_id: str) -&gt; str:
        b2b_url = getattr(settings, 'B2B_URL', 'http://b2b:8000')
        headers = {
            'X-Service-Key': getattr(settings, 'MOD_TO_B2B_KEY', 'default-service-key'),
            'Content-Type': 'application/json'
        }
        url = f"{b2b_url}/api/v1/products/{product_id}"
        response = requests.get(url, headers=headers, timeout=5)
    
        #не страшно
        if response.status_code != 200:
            return "CREATE"
    
&gt;       return response.json()['status']
               ^^^^^^^^^^^^^^^^^^^^^^^^^
E       KeyError: 'status'

app\services.py:99: KeyError</failure><system-out>--------------------------------- Captured Log ---------------------------------
ERROR    django.request:log.py:253 Internal Server Error: /api/v1/tickets/8219cc11-968b-4e75-bff8-7ac1eeac8866/approve
Traceback (most recent call last):
  File "C:\Users\user\Documents\GitHub\NeoMarketProektOtTochkiMod\NeoMarketProektOtTochkiMod\env\Lib\site-packages\django\core\handlers\exception.py", line 55, in inner
    response = get_response(request)
               ^^^^^^^^^^^^^^^^^^^^^
  File "C:\Users\user\Documents\GitHub\NeoMarketProektOtTochkiMod\NeoMarketProektOtTochkiMod\env\Lib\site-packages\django\core\handlers\base.py", line 197, in _get_response
    response = wrapped_callback(request, *callback_args, **callback_kwargs)
               ^^^^^^^^^^^^^^^^^^^^^^^^^^^^^^^^^^^^^^^^^^^^^^^^^^^^^^^^^^^^
  File "C:\Users\user\Documents\GitHub\NeoMarketProektOtTochkiMod\NeoMarketProektOtTochkiMod\env\Lib\site-packages\django\views\decorators\csrf.py", line 65, in _view_wrapper
    return view_func(request, *args, **kwargs)
           ^^^^^^^^^^^^^^^^^^^^^^^^^^^^^^^^^^^
  File "C:\Users\user\Documents\GitHub\NeoMarketProektOtTochkiMod\NeoMarketProektOtTochkiMod\env\Lib\site-packages\django\views\generic\base.py", line 105, in view
    return self.dispatch(request, *args, **kwargs)
           ^^^^^^^^^^^^^^^^^^^^^^^^^^^^^^^^^^^^^^^
  File "C:\Users\user\Documents\GitHub\NeoMarketProektOtTochkiMod\NeoMarketProektOtTochkiMod\env\Lib\site-packages\rest_framework\views.py", line 515, in dispatch
    response = self.handle_exception(exc)
               ^^^^^^^^^^^^^^^^^^^^^^^^^^
  File "C:\Users\user\Documents\GitHub\NeoMarketProektOtTochkiMod\NeoMarketProektOtTochkiMod\env\Lib\site-packages\rest_framework\views.py", line 475, in handle_exception
    self.raise_uncaught_exception(exc)
  File "C:\Users\user\Documents\GitHub\NeoMarketProektOtTochkiMod\NeoMarketProektOtTochkiMod\env\Lib\site-packages\rest_framework\views.py", line 486, in raise_uncaught_exception
    raise exc
  File "C:\Users\user\Documents\GitHub\NeoMarketProektOtTochkiMod\NeoMarketProektOtTochkiMod\env\Lib\site-packages\rest_framework\views.py", line 512, in dispatch
    response = handler(request, *args, **kwargs)
               ^^^^^^^^^^^^^^^^^^^^^^^^^^^^^^^^^
  File "C:\Users\user\Documents\GitHub\NeoMarketProektOtTochkiMod\NeoMarketProektOtTochkiMod\app\views.py", line 92, in post
    "kind": get_kind(moderation.product_id),
            ^^^^^^^^^^^^^^^^^^^^^^^^^^^^^^^
  File "C:\Users\user\Documents\GitHub\NeoMarketProektOtTochkiMod\NeoMarketProektOtTochkiMod\app\services.py", line 99, in get_kind
    return response.json()['status']
           ~~~~~~~~~~~~~~~^^^^^^^^^^
KeyError: 'status'
--------------------------------- Captured Out ---------------------------------

</system-out><system-err>--------------------------------- Captured Err ---------------------------------

</system-err></testcase><testcase classname="app.tests.ApproveTicketTests" name="test_approve_without_sku_returns_409" file="app\tests.py" line="89" time="0.843"><system-out>--------------------------------- Captured Log ---------------------------------
WARNING  django.request:log.py:253 Conflict: /api/v1/tickets/afa59cd7-7a12-4eaf-b64c-e63d5c4804bd/approve
--------------------------------- Captured Out ---------------------------------

</system-out><system-err>--------------------------------- Captured Err ---------------------------------

</system-err></testcase><testcase classname="app.tests.ApproveTicketTests" name="test_string_url_works" file="app\tests.py" line="101" time="0.899"><failure message="KeyError: 'status'">self = &lt;app.tests.ApproveTicketTests testMethod=test_string_url_works&gt;
mock_post_event = &lt;MagicMock name='post' id='2719051349968'&gt;
mock_get_product = &lt;MagicMock name='get' id='2719050489744'&gt;

    @patch('app.services.requests.get')
    @patch('app.services.requests.post')
    def test_string_url_works(self, mock_post_event, mock_get_product):
        mock_get_product.return_value.status_code = 200
        mock_get_product.return_value.json.return_value = {"skus": [{"id": str(uuid.uuid4()), "price": 1000}]}
        mock_post_event.return_value.status_code = 204
        url = f'/api/v1/tickets/{self.moderation.id}/approve'
&gt;       response = self.client.post(url,{"comment": "Товар соответствует требованиям"}, format='json')
                   ^^^^^^^^^^^^^^^^^^^^^^^^^^^^^^^^^^^^^^^^^^^^^^^^^^^^^^^^^^^^^^^^^^^^^^^^^^^^^^^^^^^

app\tests.py:109: 
_ _ _ _ _ _ _ _ _ _ _ _ _ _ _ _ _ _ _ _ _ _ _ _ _ _ _ _ _ _ _ _ _ _ _ _ _ _ _ _
env\Lib\site-packages\rest_framework\test.py:283: in post
    response = super().post(
env\Lib\site-packages\rest_framework\test.py:197: in post
    return self.generic('POST', path, data, content_type, **extra)
           ^^^^^^^^^^^^^^^^^^^^^^^^^^^^^^^^^^^^^^^^^^^^^^^^^^^^^^^
env\Lib\site-packages\rest_framework\test.py:221: in generic
    return super().generic(
env\Lib\site-packages\django\test\client.py:671: in generic
    return self.request(**r)
           ^^^^^^^^^^^^^^^^^
env\Lib\site-packages\rest_framework\test.py:273: in request
    return super().request(**kwargs)
           ^^^^^^^^^^^^^^^^^^^^^^^^^
env\Lib\site-packages\rest_framework\test.py:225: in request
    request = super().request(**kwargs)
              ^^^^^^^^^^^^^^^^^^^^^^^^^
env\Lib\site-packages\django\test\client.py:1090: in request
    self.check_exception(response)
env\Lib\site-packages\django\test\client.py:805: in check_exception
    raise exc_value
env\Lib\site-packages\django\core\handlers\exception.py:55: in inner
    response = get_response(request)
               ^^^^^^^^^^^^^^^^^^^^^
env\Lib\site-packages\django\core\handlers\base.py:197: in _get_response
    response = wrapped_callback(request, *callback_args, **callback_kwargs)
               ^^^^^^^^^^^^^^^^^^^^^^^^^^^^^^^^^^^^^^^^^^^^^^^^^^^^^^^^^^^^
env\Lib\site-packages\django\views\decorators\csrf.py:65: in _view_wrapper
    return view_func(request, *args, **kwargs)
           ^^^^^^^^^^^^^^^^^^^^^^^^^^^^^^^^^^^
env\Lib\site-packages\django\views\generic\base.py:105: in view
    return self.dispatch(request, *args, **kwargs)
           ^^^^^^^^^^^^^^^^^^^^^^^^^^^^^^^^^^^^^^^
env\Lib\site-packages\rest_framework\views.py:515: in dispatch
    response = self.handle_exception(exc)
               ^^^^^^^^^^^^^^^^^^^^^^^^^^
env\Lib\site-packages\rest_framework\views.py:475: in handle_exception
    self.raise_uncaught_exception(exc)
env\Lib\site-packages\rest_framework\views.py:486: in raise_uncaught_exception
    raise exc
env\Lib\site-packages\rest_framework\views.py:512: in dispatch
    response = handler(request, *args, **kwargs)
               ^^^^^^^^^^^^^^^^^^^^^^^^^^^^^^^^^
app\views.py:92: in post
    "kind": get_kind(moderation.product_id),
            ^^^^^^^^^^^^^^^^^^^^^^^^^^^^^^^
_ _ _ _ _ _ _ _ _ _ _ _ _ _ _ _ _ _ _ _ _ _ _ _ _ _ _ _ _ _ _ _ _ _ _ _ _ _ _ _

product_id = UUID('ddbe8a41-4ca2-41cf-b617-2d87b58f131f')

    def get_kind(product_id: str) -&gt; str:
        b2b_url = getattr(settings, 'B2B_URL', 'http://b2b:8000')
        headers = {
            'X-Service-Key': getattr(settings, 'MOD_TO_B2B_KEY', 'default-service-key'),
            'Content-Type': 'application/json'
        }
        url = f"{b2b_url}/api/v1/products/{product_id}"
        response = requests.get(url, headers=headers, timeout=5)
    
        #не страшно
        if response.status_code != 200:
            return "CREATE"
    
&gt;       return response.json()['status']
               ^^^^^^^^^^^^^^^^^^^^^^^^^
E       KeyError: 'status'

app\services.py:99: KeyError</failure><system-out>--------------------------------- Captured Log ---------------------------------
ERROR    django.request:log.py:253 Internal Server Error: /api/v1/tickets/a3ad138c-345d-4624-a4a5-3c76da58ba25/approve
Traceback (most recent call last):
  File "C:\Users\user\Documents\GitHub\NeoMarketProektOtTochkiMod\NeoMarketProektOtTochkiMod\env\Lib\site-packages\django\core\handlers\exception.py", line 55, in inner
    response = get_response(request)
               ^^^^^^^^^^^^^^^^^^^^^
  File "C:\Users\user\Documents\GitHub\NeoMarketProektOtTochkiMod\NeoMarketProektOtTochkiMod\env\Lib\site-packages\django\core\handlers\base.py", line 197, in _get_response
    response = wrapped_callback(request, *callback_args, **callback_kwargs)
               ^^^^^^^^^^^^^^^^^^^^^^^^^^^^^^^^^^^^^^^^^^^^^^^^^^^^^^^^^^^^
  File "C:\Users\user\Documents\GitHub\NeoMarketProektOtTochkiMod\NeoMarketProektOtTochkiMod\env\Lib\site-packages\django\views\decorators\csrf.py", line 65, in _view_wrapper
    return view_func(request, *args, **kwargs)
           ^^^^^^^^^^^^^^^^^^^^^^^^^^^^^^^^^^^
  File "C:\Users\user\Documents\GitHub\NeoMarketProektOtTochkiMod\NeoMarketProektOtTochkiMod\env\Lib\site-packages\django\views\generic\base.py", line 105, in view
    return self.dispatch(request, *args, **kwargs)
           ^^^^^^^^^^^^^^^^^^^^^^^^^^^^^^^^^^^^^^^
  File "C:\Users\user\Documents\GitHub\NeoMarketProektOtTochkiMod\NeoMarketProektOtTochkiMod\env\Lib\site-packages\rest_framework\views.py", line 515, in dispatch
    response = self.handle_exception(exc)
               ^^^^^^^^^^^^^^^^^^^^^^^^^^
  File "C:\Users\user\Documents\GitHub\NeoMarketProektOtTochkiMod\NeoMarketProektOtTochkiMod\env\Lib\site-packages\rest_framework\views.py", line 475, in handle_exception
    self.raise_uncaught_exception(exc)
  File "C:\Users\user\Documents\GitHub\NeoMarketProektOtTochkiMod\NeoMarketProektOtTochkiMod\env\Lib\site-packages\rest_framework\views.py", line 486, in raise_uncaught_exception
    raise exc
  File "C:\Users\user\Documents\GitHub\NeoMarketProektOtTochkiMod\NeoMarketProektOtTochkiMod\env\Lib\site-packages\rest_framework\views.py", line 512, in dispatch
    response = handler(request, *args, **kwargs)
               ^^^^^^^^^^^^^^^^^^^^^^^^^^^^^^^^^
  File "C:\Users\user\Documents\GitHub\NeoMarketProektOtTochkiMod\NeoMarketProektOtTochkiMod\app\views.py", line 92, in post
    "kind": get_kind(moderation.product_id),
            ^^^^^^^^^^^^^^^^^^^^^^^^^^^^^^^
  File "C:\Users\user\Documents\GitHub\NeoMarketProektOtTochkiMod\NeoMarketProektOtTochkiMod\app\services.py", line 99, in get_kind
    return response.json()['status']
           ~~~~~~~~~~~~~~~^^^^^^^^^^
KeyError: 'status'
--------------------------------- Captured Out ---------------------------------

</system-out><system-err>--------------------------------- Captured Err ---------------------------------

</system-err></testcase></testsuite></testsuites>