<?xml version="1.0" encoding="utf-8"?><testsuites name="pytest tests"><testsuite name="pytest" errors="0" failures="1" skipped="0" tests="5" time="5.602" timestamp="2026-06-05T17:50:40.881367+05:00" hostname="WIN-T9HMN0FRTB7"><testcase classname="app.tests.ApproveTicketTests" name="test_approve_after_edited_returns_409" file="app\tests.py" line="77" time="1.692"><system-out>--------------------------------- Captured Log ---------------------------------
WARNING  django.request:log.py:253 Conflict: /api/v1/tickets/92912d70-b61f-4d63-b6d0-b851d1b861e5/approve
--------------------------------- Captured Out ---------------------------------

</system-out><system-err>--------------------------------- Captured Err ---------------------------------

</system-err></testcase><testcase classname="app.tests.ApproveTicketTests" name="test_approve_others_card_returns_403" file="app\tests.py" line="65" time="0.888"><system-out>--------------------------------- Captured Log ---------------------------------
WARNING  django.request:log.py:253 Forbidden: /api/v1/tickets/fd3c6610-b9ac-4a04-a4fc-4b0ca979fdbe/approve
--------------------------------- Captured Out ---------------------------------

</system-out><system-err>--------------------------------- Captured Err ---------------------------------

</system-err></testcase><testcase classname="app.tests.ApproveTicketTests" name="test_approve_transitions_to_moderated_and_emits_event" file="app\tests.py" line="36" time="0.876"><system-out>--------------------------------- Captured Log ---------------------------------

--------------------------------- Captured Out ---------------------------------

</system-out><system-err>--------------------------------- Captured Err ---------------------------------

</system-err></testcase><testcase classname="app.tests.ApproveTicketTests" name="test_approve_without_sku_returns_409" file="app\tests.py" line="89" time="0.855"><system-out>--------------------------------- Captured Log ---------------------------------
WARNING  django.request:log.py:253 Conflict: /api/v1/tickets/a3fdef8a-9177-4851-ae85-cfaf0cf1e5c3/approve
--------------------------------- Captured Out ---------------------------------

</system-out><system-err>--------------------------------- Captured Err ---------------------------------

</system-err></testcase><testcase classname="app.tests.ApproveTicketTests" name="test_string_url_works" file="app\tests.py" line="101" time="0.995"><failure message="AssertionError: 404 != 200">self = &lt;app.tests.ApproveTicketTests testMethod=test_string_url_works&gt;
mock_post_event = &lt;MagicMock name='post' id='1913251496848'&gt;
mock_get_product = &lt;MagicMock name='get' id='1913254053264'&gt;

    @patch('app.services.requests.get')
    @patch('app.services.requests.post')
    def test_string_url_works(self, mock_post_event, mock_get_product):
        mock_get_product.return_value.status_code = 200
        mock_get_product.return_value.json.return_value = {"skus": [{"id": str(uuid.uuid4()), "price": 1000}]}
        mock_post_event.return_value.status_code = 204
        url = f'api/v1/tickets/{self.moderation.id}/approve'
        response = self.client.get(url)
    
&gt;       self.assertEqual(response.status_code, status.HTTP_200_OK)
E       AssertionError: 404 != 200

app\tests.py:111: AssertionError</failure><system-out>--------------------------------- Captured Log ---------------------------------
WARNING  django.request:log.py:253 Not Found: /apiv1/tickets/c046c915-133c-4674-813a-26daf50d6062/approve
--------------------------------- Captured Out ---------------------------------

</system-out><system-err>--------------------------------- Captured Err ---------------------------------

</system-err></testcase></testsuite></testsuites>