<?xml version="1.0" encoding="utf-8"?><testsuites name="pytest tests"><testsuite name="pytest" errors="0" failures="0" skipped="0" tests="5" time="5.033" timestamp="2026-06-08T20:04:41.981643+05:00" hostname="WIN-T9HMN0FRTB7"><testcase classname="app.tests.ApproveTicketTests" name="test_approve_after_edited_returns_409" file="app\tests.py" line="77" time="1.395"><system-out>--------------------------------- Captured Log ---------------------------------
WARNING  django.request:log.py:253 Conflict: /api/v1/tickets/84965676-b29c-4d62-8ee5-140d17528186/approve
--------------------------------- Captured Out ---------------------------------

</system-out><system-err>--------------------------------- Captured Err ---------------------------------

</system-err></testcase><testcase classname="app.tests.ApproveTicketTests" name="test_approve_others_card_returns_403" file="app\tests.py" line="65" time="0.843"><system-out>--------------------------------- Captured Log ---------------------------------
WARNING  django.request:log.py:253 Forbidden: /api/v1/tickets/c432814a-39b4-4041-9e9d-863e4871d9e0/approve
--------------------------------- Captured Out ---------------------------------

</system-out><system-err>--------------------------------- Captured Err ---------------------------------

</system-err></testcase><testcase classname="app.tests.ApproveTicketTests" name="test_approve_transitions_to_moderated_and_emits_event" file="app\tests.py" line="36" time="0.877"><system-out>--------------------------------- Captured Log ---------------------------------

--------------------------------- Captured Out ---------------------------------

</system-out><system-err>--------------------------------- Captured Err ---------------------------------

</system-err></testcase><testcase classname="app.tests.ApproveTicketTests" name="test_approve_without_sku_returns_409" file="app\tests.py" line="89" time="0.868"><system-out>--------------------------------- Captured Log ---------------------------------
WARNING  django.request:log.py:253 Conflict: /api/v1/tickets/dbbaf0ff-5015-4e9b-8bc7-7d650196f1ce/approve
--------------------------------- Captured Out ---------------------------------

</system-out><system-err>--------------------------------- Captured Err ---------------------------------

</system-err></testcase><testcase classname="app.tests.ApproveTicketTests" name="test_string_url_works" file="app\tests.py" line="101" time="0.886"><system-out>--------------------------------- Captured Log ---------------------------------

--------------------------------- Captured Out ---------------------------------

</system-out><system-err>--------------------------------- Captured Err ---------------------------------

</system-err></testcase></testsuite></testsuites>